{"level":"info","message":"Server staterd and running on http://localhost:9000","timestamp":"2023-07-18T12:07:23.782Z"}
{"level":"info","message":"mongoose connected success","timestamp":"2023-07-18T12:07:28.325Z"}
{"level":"info","message":"Server staterd and running on http://localhost:9000","timestamp":"2023-07-18T12:08:48.201Z"}
{"level":"info","message":"mongoose connected success","timestamp":"2023-07-18T12:08:54.387Z"}
{"level":"info","message":"Server staterd and running on http://localhost:9000","timestamp":"2023-07-18T12:13:40.630Z"}
{"level":"info","message":"mongoose connected success","timestamp":"2023-07-18T12:13:45.424Z"}
{"level":"info","message":"Server staterd and running on http://localhost:9000","timestamp":"2023-07-18T12:14:17.371Z"}
{"level":"info","message":"mongoose connected success","timestamp":"2023-07-18T12:14:25.596Z"}
{"level":"info","message":"Server staterd and running on http://localhost:9000","timestamp":"2023-07-18T12:15:57.554Z"}
{"level":"info","message":"mongoose connected success","timestamp":"2023-07-18T12:16:05.000Z"}
{"level":"info","message":"Server staterd and running on http://localhost:9000","timestamp":"2023-07-18T12:18:29.076Z"}
{"level":"info","message":"mongoose connected success","timestamp":"2023-07-18T12:18:36.018Z"}
{"level":"info","message":"Server staterd and running on http://localhost:9000"}
{"level":"info","message":"Server staterd and running on http://localhost:9000"}
{"level":"info","message":"Server staterd and running on http://localhost:9000"}
{"level":"info","message":"Server staterd and running on http://localhost:9000"}
{"level":"info","message":"Server staterd and running on http://localhost:9000"}
{"level":"info","message":"mongoose connected success"}
{"level":"info","message":"Server staterd and running on http://localhost:9000"}
{"level":"info","message":"Server staterd and running on http://localhost:9000"}
{"level":"info","message":"Server staterd and running on http://localhost:9000"}
{"level":"info","message":"Server staterd and running on http://localhost:9000"}
{"level":"info","message":"Server staterd and running on http://localhost:9000"}
{"level":"info","message":"Server staterd and running on http://localhost:9000"}
{"level":"info","message":"Server staterd and running on http://localhost:9000"}
{"level":"info","message":"Server staterd and running on http://localhost:9000"}
{"level":"info","message":"Server staterd and running on http://localhost:9000"}
{"level":"info","message":"Server staterd and running on http://localhost:9000"}
{"level":"info","message":"Server staterd and running on http://localhost:9000","timestamp":"07-18-2023 17:52:34"}
{"level":"info","message":"Server staterd and running on http://localhost:9000","timestamp":"07-18-2023 17:52:39"}
{"level":"info","message":"mongoose connected success","timestamp":"07-18-2023 17:52:43"}
level :info: Jul-18-2023 17:57:33: 	Server staterd and running on http://localhost:9000
level :info: Jul-18-2023 17:57:40: 	mongoose connected success
level :info: Jul-18-2023 18:00:55: 	Server staterd and running on http://localhost:9000
level :info: Jul-18-2023 18:01:02: 	mongoose connected success
level :info: Jul-18-2023 18:13:29: 	Server staterd and running on http://localhost:9000
level :info: Jul-18-2023 18:13:34: 	mongoose connected success
level :info: Jul-18-2023 18:14:53: 	Server staterd and running on http://localhost:9000
level :info: Jul-18-2023 18:16:26: 	Server staterd and running on http://localhost:9000
level :info: Jul-18-2023 18:16:30: 	Server staterd and running on http://localhost:9000
level :info: Jul-18-2023 18:16:32: 	Server staterd and running on http://localhost:9000
level :info: Jul-18-2023 18:16:37: 	Server staterd and running on http://localhost:9000
level :info: Jul-18-2023 18:16:39: 	mongoose connected success
level :info: Jul-18-2023 18:17:48: 	Server staterd and running on http://localhost:9000
level :info: Jul-18-2023 18:17:51: 	Server staterd and running on http://localhost:9000
level :info: Jul-18-2023 18:18:04: 	Server staterd and running on http://localhost:9000
level :info: Jul-18-2023 18:18:06: 	Server staterd and running on http://localhost:9000
level :info: Jul-18-2023 18:18:09: 	Server staterd and running on http://localhost:9000
level :info: Jul-18-2023 18:18:17: 	Server staterd and running on http://localhost:9000
level :info: Jul-18-2023 18:18:22: 	Server staterd and running on http://localhost:9000
level :info: Jul-18-2023 18:18:35: 	Server staterd and running on http://localhost:9000
level :info: Jul-18-2023 18:18:46: 	Server staterd and running on http://localhost:9000
level :info: Jul-18-2023 18:18:50: 	Server staterd and running on http://localhost:9000
level :info: Jul-18-2023 18:18:58: 	mongoose connected success
level :info: Jul-18-2023 18:19:37: 	Server staterd and running on http://localhost:9000
level :info: Jul-18-2023 18:19:43: 	mongoose connected success
level :info: Jul-18-2023 18:22:36: 	Server staterd and running on http://localhost:9000
level :info: Jul-18-2023 18:22:41: 	mongoose connected success
level :info: Jul-18-2023 18:23:45: 	Server staterd and running on http://localhost:9000
level :info: Jul-18-2023 18:23:50: 	mongoose connected success
